11:27:10 INFO - logger_setup: /work/09004/sravana/ls6/ncomp/taco/utils/utils.py
11:27:10 INFO - ddp_or_single_process: find checkpoint...
11:27:10 INFO - ddp_or_single_process: no checkpoint is here
11:27:10 INFO - ddp_or_single_process: seed : 100.0
11:27:10 INFO - ddp_or_single_process: exp name : exp_lambda_0.0004_seed_100.0_batch_size_12_joint_image_text_loss_coefficient_0.0025_lpips_coefficient_3.5
11:27:10 INFO - ddp_or_single_process: opts: Namespace(aux_learning_rate=0.001, batch_size=12, checkpoint='None', clip_max_norm=1.0, dist_port=6412, epochs=50, joint_image_text_loss_coefficient=0.0025, learning_rate=0.0001, lmbda=0.0004, lpips_coefficient=3.5, lr_epoch=[45, 48], num_workers=12, patch_size=[256, 256], save_path='./checkpoint_afa_v3/exp_lambda_0.0004_seed_100.0_batch_size_12_joint_image_text_loss_coefficient_0.0025_lpips_coefficient_3.5', seed=100.0, train_dataset_root_path='/scratch/09004/sravana/MSCOCO', **{'ddp.world_size': 3, 'dev.num_gpus': 3})
11:27:18 INFO - logger_setup: /work/09004/sravana/ls6/ncomp/taco/utils/utils.py
11:27:18 INFO - logger_setup: /work/09004/sravana/ls6/ncomp/taco/utils/utils.py
11:27:18 INFO - logger_setup: /work/09004/sravana/ls6/ncomp/taco/utils/utils.py
11:27:18 INFO - main: Create experiment save folder
/work/09004/sravana/ls6/anaconda3/envs/taco/lib/python3.8/site-packages/huggingface_hub/file_download.py:1142: FutureWarning: `resume_download` is deprecated and will be removed in version 1.0.0. Downloads always resume when possible. If you want to force a new download, use `force_download=True`.
  warnings.warn(
/work/09004/sravana/ls6/anaconda3/envs/taco/lib/python3.8/site-packages/torchvision/models/_utils.py:208: UserWarning: The parameter 'pretrained' is deprecated since 0.13 and may be removed in the future, please use 'weights' instead.
  warnings.warn(
/work/09004/sravana/ls6/anaconda3/envs/taco/lib/python3.8/site-packages/torchvision/models/_utils.py:223: UserWarning: Arguments other than a weight enum or `None` for 'weights' are deprecated since 0.13 and may be removed in the future. The current behavior is equivalent to passing `weights=AlexNet_Weights.IMAGENET1K_V1`. You can also use `weights=AlexNet_Weights.DEFAULT` to get the most up-to-date weights.
  warnings.warn(msg)
11:27:24 INFO - main: Training mode : scratch!
11:27:24 INFO - main: lambda : 0.0004
11:27:24 INFO - main: milestones: [45, 48]
11:27:24 INFO - main: batch_size : 12
11:27:24 INFO - main: Joint image-text loss coefficient: 0.0025
11:27:24 INFO - main: LPIPS coefficient: 3.5
/work/09004/sravana/ls6/anaconda3/envs/taco/lib/python3.8/site-packages/huggingface_hub/file_download.py:1142: FutureWarning: `resume_download` is deprecated and will be removed in version 1.0.0. Downloads always resume when possible. If you want to force a new download, use `force_download=True`.
  warnings.warn(
/work/09004/sravana/ls6/anaconda3/envs/taco/lib/python3.8/site-packages/torchvision/models/_utils.py:208: UserWarning: The parameter 'pretrained' is deprecated since 0.13 and may be removed in the future, please use 'weights' instead.
  warnings.warn(
/work/09004/sravana/ls6/anaconda3/envs/taco/lib/python3.8/site-packages/torchvision/models/_utils.py:223: UserWarning: Arguments other than a weight enum or `None` for 'weights' are deprecated since 0.13 and may be removed in the future. The current behavior is equivalent to passing `weights=AlexNet_Weights.IMAGENET1K_V1`. You can also use `weights=AlexNet_Weights.DEFAULT` to get the most up-to-date weights.
  warnings.warn(msg)
/work/09004/sravana/ls6/anaconda3/envs/taco/lib/python3.8/site-packages/huggingface_hub/file_download.py:1142: FutureWarning: `resume_download` is deprecated and will be removed in version 1.0.0. Downloads always resume when possible. If you want to force a new download, use `force_download=True`.
  warnings.warn(
/work/09004/sravana/ls6/anaconda3/envs/taco/lib/python3.8/site-packages/torchvision/models/_utils.py:208: UserWarning: The parameter 'pretrained' is deprecated since 0.13 and may be removed in the future, please use 'weights' instead.
  warnings.warn(
/work/09004/sravana/ls6/anaconda3/envs/taco/lib/python3.8/site-packages/torchvision/models/_utils.py:223: UserWarning: Arguments other than a weight enum or `None` for 'weights' are deprecated since 0.13 and may be removed in the future. The current behavior is equivalent to passing `weights=AlexNet_Weights.IMAGENET1K_V1`. You can also use `weights=AlexNet_Weights.DEFAULT` to get the most up-to-date weights.
  warnings.warn(msg)
/work/09004/sravana/ls6/anaconda3/envs/taco/lib/python3.8/site-packages/torch/nn/modules/conv.py:456: UserWarning: Plan failed with a cudnnException: CUDNN_BACKEND_EXECUTION_PLAN_DESCRIPTOR: cudnnFinalize Descriptor Failed cudnn_status: CUDNN_STATUS_NOT_SUPPORTED (Triggered internally at /opt/conda/conda-bld/pytorch_1712608851799/work/aten/src/ATen/native/cudnn/Conv_v8.cpp:919.)
  return F.conv2d(input, weight, bias, self.stride,
/work/09004/sravana/ls6/anaconda3/envs/taco/lib/python3.8/site-packages/torch/autograd/graph.py:744: UserWarning: Grad strides do not match bucket view strides. This may indicate grad was not created according to the gradient layout contract, or that the param's strides changed since DDP was constructed.  This is not an error, but may impair performance.
grad.sizes() = [192, 96, 1, 1], strides() = [96, 1, 96, 96]
bucket_view.sizes() = [192, 96, 1, 1], strides() = [96, 1, 1, 1] (Triggered internally at /opt/conda/conda-bld/pytorch_1712608851799/work/torch/csrc/distributed/c10d/reducer.cpp:325.)
  return Variable._execution_engine.run_backward(  # Calls into the C++ engine to run the backward pass
11:28:48 INFO - train_one_epoch: Train epoch 1: [0/137016 (0%)]	Loss: 20.962 |	MSE loss: 0.306 |	LPIPS loss: 0.962 |	Joint image-text loss: 145.025 |	Bpp loss: 9.26 |	Aux loss: 7921.13
11:35:03 INFO - train_one_epoch: Train epoch 1: [12000/137016 (9%)]	Loss: 1.859 |	MSE loss: 0.012 |	LPIPS loss: 0.211 |	Joint image-text loss: 95.128 |	Bpp loss: 0.57 |	Aux loss: 7333.02
11:41:19 INFO - train_one_epoch: Train epoch 1: [24000/137016 (18%)]	Loss: 1.345 |	MSE loss: 0.007 |	LPIPS loss: 0.129 |	Joint image-text loss: 68.721 |	Bpp loss: 0.53 |	Aux loss: 6415.13
11:47:35 INFO - train_one_epoch: Train epoch 1: [36000/137016 (26%)]	Loss: 1.218 |	MSE loss: 0.008 |	LPIPS loss: 0.104 |	Joint image-text loss: 59.150 |	Bpp loss: 0.49 |	Aux loss: 5157.28
11:53:50 INFO - train_one_epoch: Train epoch 1: [48000/137016 (35%)]	Loss: 0.932 |	MSE loss: 0.005 |	LPIPS loss: 0.075 |	Joint image-text loss: 52.122 |	Bpp loss: 0.40 |	Aux loss: 3399.20
12:00:06 INFO - train_one_epoch: Train epoch 1: [60000/137016 (44%)]	Loss: 1.013 |	MSE loss: 0.007 |	LPIPS loss: 0.074 |	Joint image-text loss: 51.461 |	Bpp loss: 0.44 |	Aux loss: 1055.30
12:06:22 INFO - train_one_epoch: Train epoch 1: [72000/137016 (53%)]	Loss: 0.910 |	MSE loss: 0.005 |	LPIPS loss: 0.064 |	Joint image-text loss: 55.505 |	Bpp loss: 0.42 |	Aux loss: 1102.20
12:12:38 INFO - train_one_epoch: Train epoch 1: [84000/137016 (61%)]	Loss: 0.825 |	MSE loss: 0.005 |	LPIPS loss: 0.055 |	Joint image-text loss: 49.201 |	Bpp loss: 0.39 |	Aux loss: 3069.23
12:18:53 INFO - train_one_epoch: Train epoch 1: [96000/137016 (70%)]	Loss: 0.828 |	MSE loss: 0.005 |	LPIPS loss: 0.056 |	Joint image-text loss: 43.765 |	Bpp loss: 0.40 |	Aux loss: 5049.00
12:25:09 INFO - train_one_epoch: Train epoch 1: [108000/137016 (79%)]	Loss: 0.833 |	MSE loss: 0.005 |	LPIPS loss: 0.053 |	Joint image-text loss: 48.017 |	Bpp loss: 0.39 |	Aux loss: 7013.88
12:31:25 INFO - train_one_epoch: Train epoch 1: [120000/137016 (88%)]	Loss: 0.960 |	MSE loss: 0.009 |	LPIPS loss: 0.058 |	Joint image-text loss: 58.406 |	Bpp loss: 0.39 |	Aux loss: 9166.73
12:37:41 INFO - train_one_epoch: Train epoch 1: [132000/137016 (96%)]	Loss: 0.864 |	MSE loss: 0.006 |	LPIPS loss: 0.056 |	Joint image-text loss: 48.892 |	Bpp loss: 0.40 |	Aux loss: 11383.88
W0922 12:40:23.878819 23433812518720 torch/multiprocessing/spawn.py:145] Terminating process 3505777 via signal SIGTERM
W0922 12:40:23.879660 23433812518720 torch/multiprocessing/spawn.py:145] Terminating process 3505778 via signal SIGTERM
Traceback (most recent call last):
  File "train.py", line 523, in <module>
    ddp_or_single_process(sys.argv[1:])
  File "train.py", line 514, in ddp_or_single_process
    torch.multiprocessing.spawn(
  File "/work/09004/sravana/ls6/anaconda3/envs/taco/lib/python3.8/site-packages/torch/multiprocessing/spawn.py", line 281, in spawn
    return start_processes(fn, args, nprocs, join, daemon, start_method="spawn")
  File "/work/09004/sravana/ls6/anaconda3/envs/taco/lib/python3.8/site-packages/torch/multiprocessing/spawn.py", line 237, in start_processes
    while not context.join():
  File "/work/09004/sravana/ls6/anaconda3/envs/taco/lib/python3.8/site-packages/torch/multiprocessing/spawn.py", line 188, in join
    raise ProcessRaisedException(msg, error_index, failed_process.pid)
torch.multiprocessing.spawn.ProcessRaisedException: 

-- Process 0 terminated with the following error:
Traceback (most recent call last):
  File "/work/09004/sravana/ls6/anaconda3/envs/taco/lib/python3.8/site-packages/torch/multiprocessing/spawn.py", line 75, in _wrap
    fn(i, *args)
  File "/work/09004/sravana/ls6/ncomp/taco/train.py", line 464, in distributed_worker
    main(opts)
  File "/work/09004/sravana/ls6/ncomp/taco/train.py", line 313, in main
    mean_PSNR, mean_MS_SSIM_prob, mean_LPIPS, Bit_rate = test_epoch(epoch, test_dataset, loss_fn_alex, net_eval, CLIP_text_model, train_dataset.tokenizer, f"{save_path}/figures/{epoch + 1}", logger)
  File "/work/09004/sravana/ls6/ncomp/taco/train.py", line 107, in test_epoch
    out_enc = model.compress(x_padded, text_embeddings)
  File "/work/09004/sravana/ls6/ncomp/taco/models/taco.py", line 168, in compress
    y = self.g_a(x, text_embeddings)
  File "/work/09004/sravana/ls6/anaconda3/envs/taco/lib/python3.8/site-packages/torch/nn/modules/module.py", line 1532, in _wrapped_call_impl
    return self._call_impl(*args, **kwargs)
  File "/work/09004/sravana/ls6/anaconda3/envs/taco/lib/python3.8/site-packages/torch/nn/modules/module.py", line 1541, in _call_impl
    return forward_call(*args, **kwargs)
  File "/work/09004/sravana/ls6/ncomp/taco/modules/transform/analysis.py", line 282, in forward
    x = layer(x, text_embeddings)
  File "/work/09004/sravana/ls6/anaconda3/envs/taco/lib/python3.8/site-packages/torch/nn/modules/module.py", line 1532, in _wrapped_call_impl
    return self._call_impl(*args, **kwargs)
  File "/work/09004/sravana/ls6/anaconda3/envs/taco/lib/python3.8/site-packages/torch/nn/modules/module.py", line 1541, in _call_impl
    return forward_call(*args, **kwargs)
  File "/work/09004/sravana/ls6/ncomp/taco/modules/transform/analysis.py", line 188, in forward
    attn_out_image_both, attn_weights_image_both = self.cross_attn_image_both(
  File "/work/09004/sravana/ls6/anaconda3/envs/taco/lib/python3.8/site-packages/torch/nn/modules/module.py", line 1532, in _wrapped_call_impl
    return self._call_impl(*args, **kwargs)
  File "/work/09004/sravana/ls6/anaconda3/envs/taco/lib/python3.8/site-packages/torch/nn/modules/module.py", line 1541, in _call_impl
    return forward_call(*args, **kwargs)
  File "/work/09004/sravana/ls6/anaconda3/envs/taco/lib/python3.8/site-packages/torch/nn/modules/activation.py", line 1266, in forward
    attn_output, attn_output_weights = F.multi_head_attention_forward(
  File "/work/09004/sravana/ls6/anaconda3/envs/taco/lib/python3.8/site-packages/torch/nn/functional.py", line 5470, in multi_head_attention_forward
    attn_output_weights = softmax(attn_output_weights, dim=-1)
  File "/work/09004/sravana/ls6/anaconda3/envs/taco/lib/python3.8/site-packages/torch/nn/functional.py", line 1885, in softmax
    ret = input.softmax(dim)
torch.cuda.OutOfMemoryError: CUDA out of memory. Tried to allocate 18.03 GiB. GPU 

srun: error: c306-004: task 0: Exited with exit code 1
